{"D:\\Users\\Thomas\\Dev\\projets\\bike-race\\config\\jest\\mockCssImportFile.js": {"path":"D:\\Users\\Thomas\\Dev\\projets\\bike-race\\config\\jest\\mockCssImportFile.js","statementMap":{"0":{"start":{"line":1,"column":0},"end":{"line":1,"column":20}}},"fnMap":{},"branchMap":{},"s":{"0":2},"f":{},"b":{},"_coverageSchema":"1a1c01bbd47fc00a2c39e90264f33305004495a9","hash":"399610f69118ac8507a4bc3af00272017a80ba6a"}
,"D:\\Users\\Thomas\\Dev\\projets\\bike-race\\src\\App\\App.js": {"path":"D:\\Users\\Thomas\\Dev\\projets\\bike-race\\src\\App\\App.js","statementMap":{"0":{"start":{"line":6,"column":12},"end":{"line":15,"column":1}},"1":{"start":{"line":7,"column":2},"end":{"line":14,"column":4}}},"fnMap":{"0":{"name":"(anonymous_0)","decl":{"start":{"line":6,"column":12},"end":{"line":6,"column":13}},"loc":{"start":{"line":6,"column":18},"end":{"line":15,"column":1}},"line":6}},"branchMap":{},"s":{"0":1,"1":2},"f":{"0":2},"b":{},"_coverageSchema":"1a1c01bbd47fc00a2c39e90264f33305004495a9","hash":"1578fce38bb9454b2bea1b81f0f8f0a3c607f81a"}
,"D:\\Users\\Thomas\\Dev\\projets\\bike-race\\src\\App\\Header\\Header.js": {"path":"D:\\Users\\Thomas\\Dev\\projets\\bike-race\\src\\App\\Header\\Header.js","statementMap":{"0":{"start":{"line":5,"column":15},"end":{"line":15,"column":1}},"1":{"start":{"line":6,"column":2},"end":{"line":14,"column":4}}},"fnMap":{"0":{"name":"(anonymous_0)","decl":{"start":{"line":5,"column":15},"end":{"line":5,"column":16}},"loc":{"start":{"line":5,"column":21},"end":{"line":15,"column":1}},"line":5}},"branchMap":{},"s":{"0":2,"1":2},"f":{"0":2},"b":{},"_coverageSchema":"1a1c01bbd47fc00a2c39e90264f33305004495a9","hash":"75e765a8a5c3274000784bc6a55583e705099aaa"}
,"D:\\Users\\Thomas\\Dev\\projets\\bike-race\\src\\Racers\\AddRacer\\AddRacer.reducer.js": {"path":"D:\\Users\\Thomas\\Dev\\projets\\bike-race\\src\\Racers\\AddRacer\\AddRacer.reducer.js","statementMap":{"0":{"start":{"line":3,"column":25},"end":{"line":3,"column":36}},"1":{"start":{"line":4,"column":31},"end":{"line":4,"column":48}},"2":{"start":{"line":6,"column":24},"end":{"line":8,"column":1}},"3":{"start":{"line":7,"column":2},"end":{"line":7,"column":45}},"4":{"start":{"line":10,"column":29},"end":{"line":12,"column":1}},"5":{"start":{"line":11,"column":2},"end":{"line":11,"column":52}},"6":{"start":{"line":14,"column":44},"end":{"line":23,"column":1}},"7":{"start":{"line":14,"column":62},"end":{"line":23,"column":1}},"8":{"start":{"line":14,"column":70},"end":{"line":23,"column":1}},"9":{"start":{"line":15,"column":2},"end":{"line":17,"column":3}},"10":{"start":{"line":16,"column":4},"end":{"line":16,"column":24}},"11":{"start":{"line":19,"column":16},"end":{"line":19,"column":45}},"12":{"start":{"line":20,"column":2},"end":{"line":22,"column":19}},"13":{"start":{"line":25,"column":30},"end":{"line":27,"column":1}},"14":{"start":{"line":26,"column":2},"end":{"line":26,"column":28}}},"fnMap":{"0":{"name":"(anonymous_0)","decl":{"start":{"line":6,"column":24},"end":{"line":6,"column":25}},"loc":{"start":{"line":6,"column":35},"end":{"line":8,"column":1}},"line":6},"1":{"name":"(anonymous_1)","decl":{"start":{"line":10,"column":29},"end":{"line":10,"column":30}},"loc":{"start":{"line":10,"column":41},"end":{"line":12,"column":1}},"line":10},"2":{"name":"(anonymous_2)","decl":{"start":{"line":14,"column":44},"end":{"line":14,"column":45}},"loc":{"start":{"line":14,"column":62},"end":{"line":23,"column":1}},"line":14},"3":{"name":"(anonymous_3)","decl":{"start":{"line":14,"column":62},"end":{"line":14,"column":63}},"loc":{"start":{"line":14,"column":70},"end":{"line":23,"column":1}},"line":14},"4":{"name":"(anonymous_4)","decl":{"start":{"line":14,"column":70},"end":{"line":14,"column":71}},"loc":{"start":{"line":14,"column":80},"end":{"line":23,"column":1}},"line":14},"5":{"name":"(anonymous_5)","decl":{"start":{"line":25,"column":30},"end":{"line":25,"column":31}},"loc":{"start":{"line":25,"column":49},"end":{"line":27,"column":1}},"line":25}},"branchMap":{"0":{"loc":{"start":{"line":15,"column":2},"end":{"line":17,"column":3}},"type":"if","locations":[{"start":{"line":15,"column":2},"end":{"line":17,"column":3}},{"start":{"line":15,"column":2},"end":{"line":17,"column":3}}],"line":15},"1":{"loc":{"start":{"line":20,"column":9},"end":{"line":22,"column":18}},"type":"cond-expr","locations":[{"start":{"line":21,"column":6},"end":{"line":21,"column":36}},{"start":{"line":22,"column":6},"end":{"line":22,"column":18}}],"line":20}},"s":{"0":1,"1":1,"2":1,"3":1,"4":1,"5":2,"6":1,"7":3,"8":3,"9":3,"10":1,"11":2,"12":2,"13":1,"14":2},"f":{"0":1,"1":2,"2":3,"3":3,"4":3,"5":2},"b":{"0":[1,2],"1":[1,1]},"_coverageSchema":"1a1c01bbd47fc00a2c39e90264f33305004495a9","hash":"54b093545dd38e5c423374df8020b510eb4a0cf3"}
,"D:\\Users\\Thomas\\Dev\\projets\\bike-race\\src\\Racers\\AddRacer\\validateRacer.js": {"path":"D:\\Users\\Thomas\\Dev\\projets\\bike-race\\src\\Racers\\AddRacer\\validateRacer.js","statementMap":{"0":{"start":{"line":1,"column":12},"end":{"line":1,"column":32}},"1":{"start":{"line":3,"column":20},"end":{"line":6,"column":2}},"2":{"start":{"line":8,"column":22},"end":{"line":11,"column":1}},"3":{"start":{"line":9,"column":20},"end":{"line":9,"column":47}},"4":{"start":{"line":10,"column":2},"end":{"line":10,"column":15}}},"fnMap":{"0":{"name":"(anonymous_0)","decl":{"start":{"line":8,"column":22},"end":{"line":8,"column":23}},"loc":{"start":{"line":8,"column":33},"end":{"line":11,"column":1}},"line":8}},"branchMap":{},"s":{"0":2,"1":2,"2":2,"3":6,"4":6},"f":{"0":6},"b":{},"_coverageSchema":"1a1c01bbd47fc00a2c39e90264f33305004495a9","hash":"e028168e90c94597b39654f0365aae10e30831df"}
}
