{"D:\\Users\\Thomas\\Dev\\projets\\bike-race\\config\\jest\\mockCssImportFile.js": {"path":"D:\\Users\\Thomas\\Dev\\projets\\bike-race\\config\\jest\\mockCssImportFile.js","statementMap":{"0":{"start":{"line":1,"column":0},"end":{"line":1,"column":20}}},"fnMap":{},"branchMap":{},"s":{"0":2},"f":{},"b":{},"_coverageSchema":"1a1c01bbd47fc00a2c39e90264f33305004495a9","hash":"399610f69118ac8507a4bc3af00272017a80ba6a"}
,"D:\\Users\\Thomas\\Dev\\projets\\bike-race\\src\\App\\App.js": {"path":"D:\\Users\\Thomas\\Dev\\projets\\bike-race\\src\\App\\App.js","statementMap":{"0":{"start":{"line":6,"column":12},"end":{"line":15,"column":1}},"1":{"start":{"line":7,"column":2},"end":{"line":14,"column":4}}},"fnMap":{"0":{"name":"(anonymous_0)","decl":{"start":{"line":6,"column":12},"end":{"line":6,"column":13}},"loc":{"start":{"line":6,"column":18},"end":{"line":15,"column":1}},"line":6}},"branchMap":{},"s":{"0":1,"1":2},"f":{"0":2},"b":{},"_coverageSchema":"1a1c01bbd47fc00a2c39e90264f33305004495a9","hash":"1578fce38bb9454b2bea1b81f0f8f0a3c607f81a"}
,"D:\\Users\\Thomas\\Dev\\projets\\bike-race\\src\\App\\Header\\Header.js": {"path":"D:\\Users\\Thomas\\Dev\\projets\\bike-race\\src\\App\\Header\\Header.js","statementMap":{"0":{"start":{"line":5,"column":15},"end":{"line":15,"column":1}},"1":{"start":{"line":6,"column":2},"end":{"line":14,"column":4}}},"fnMap":{"0":{"name":"(anonymous_0)","decl":{"start":{"line":5,"column":15},"end":{"line":5,"column":16}},"loc":{"start":{"line":5,"column":21},"end":{"line":15,"column":1}},"line":5}},"branchMap":{},"s":{"0":2,"1":2},"f":{"0":2},"b":{},"_coverageSchema":"1a1c01bbd47fc00a2c39e90264f33305004495a9","hash":"75e765a8a5c3274000784bc6a55583e705099aaa"}
,"D:\\Users\\Thomas\\Dev\\projets\\bike-race\\src\\Racers\\AddRacer\\AddRacer.reducer.js": {"path":"D:\\Users\\Thomas\\Dev\\projets\\bike-race\\src\\Racers\\AddRacer\\AddRacer.reducer.js","statementMap":{"0":{"start":{"line":1,"column":25},"end":{"line":1,"column":36}},"1":{"start":{"line":2,"column":31},"end":{"line":2,"column":48}},"2":{"start":{"line":4,"column":24},"end":{"line":6,"column":1}},"3":{"start":{"line":5,"column":2},"end":{"line":5,"column":45}},"4":{"start":{"line":8,"column":29},"end":{"line":10,"column":1}},"5":{"start":{"line":9,"column":2},"end":{"line":9,"column":52}},"6":{"start":{"line":12,"column":44},"end":{"line":21,"column":1}},"7":{"start":{"line":12,"column":62},"end":{"line":21,"column":1}},"8":{"start":{"line":12,"column":70},"end":{"line":21,"column":1}},"9":{"start":{"line":13,"column":2},"end":{"line":15,"column":3}},"10":{"start":{"line":14,"column":4},"end":{"line":14,"column":24}},"11":{"start":{"line":17,"column":17},"end":{"line":17,"column":46}},"12":{"start":{"line":18,"column":2},"end":{"line":20,"column":19}},"13":{"start":{"line":23,"column":22},"end":{"line":34,"column":1}},"14":{"start":{"line":24,"column":17},"end":{"line":24,"column":19}},"15":{"start":{"line":26,"column":2},"end":{"line":28,"column":3}},"16":{"start":{"line":27,"column":4},"end":{"line":27,"column":48}},"17":{"start":{"line":29,"column":2},"end":{"line":31,"column":3}},"18":{"start":{"line":30,"column":4},"end":{"line":30,"column":45}},"19":{"start":{"line":33,"column":2},"end":{"line":33,"column":16}},"20":{"start":{"line":36,"column":30},"end":{"line":38,"column":1}},"21":{"start":{"line":37,"column":2},"end":{"line":37,"column":28}}},"fnMap":{"0":{"name":"(anonymous_0)","decl":{"start":{"line":4,"column":24},"end":{"line":4,"column":25}},"loc":{"start":{"line":4,"column":35},"end":{"line":6,"column":1}},"line":4},"1":{"name":"(anonymous_1)","decl":{"start":{"line":8,"column":29},"end":{"line":8,"column":30}},"loc":{"start":{"line":8,"column":41},"end":{"line":10,"column":1}},"line":8},"2":{"name":"(anonymous_2)","decl":{"start":{"line":12,"column":44},"end":{"line":12,"column":45}},"loc":{"start":{"line":12,"column":62},"end":{"line":21,"column":1}},"line":12},"3":{"name":"(anonymous_3)","decl":{"start":{"line":12,"column":62},"end":{"line":12,"column":63}},"loc":{"start":{"line":12,"column":70},"end":{"line":21,"column":1}},"line":12},"4":{"name":"(anonymous_4)","decl":{"start":{"line":12,"column":70},"end":{"line":12,"column":71}},"loc":{"start":{"line":12,"column":80},"end":{"line":21,"column":1}},"line":12},"5":{"name":"(anonymous_5)","decl":{"start":{"line":23,"column":22},"end":{"line":23,"column":23}},"loc":{"start":{"line":23,"column":33},"end":{"line":34,"column":1}},"line":23},"6":{"name":"(anonymous_6)","decl":{"start":{"line":36,"column":30},"end":{"line":36,"column":31}},"loc":{"start":{"line":36,"column":49},"end":{"line":38,"column":1}},"line":36}},"branchMap":{"0":{"loc":{"start":{"line":13,"column":2},"end":{"line":15,"column":3}},"type":"if","locations":[{"start":{"line":13,"column":2},"end":{"line":15,"column":3}},{"start":{"line":13,"column":2},"end":{"line":15,"column":3}}],"line":13},"1":{"loc":{"start":{"line":18,"column":9},"end":{"line":20,"column":18}},"type":"cond-expr","locations":[{"start":{"line":19,"column":6},"end":{"line":19,"column":37}},{"start":{"line":20,"column":6},"end":{"line":20,"column":18}}],"line":18},"2":{"loc":{"start":{"line":26,"column":2},"end":{"line":28,"column":3}},"type":"if","locations":[{"start":{"line":26,"column":2},"end":{"line":28,"column":3}},{"start":{"line":26,"column":2},"end":{"line":28,"column":3}}],"line":26},"3":{"loc":{"start":{"line":29,"column":2},"end":{"line":31,"column":3}},"type":"if","locations":[{"start":{"line":29,"column":2},"end":{"line":31,"column":3}},{"start":{"line":29,"column":2},"end":{"line":31,"column":3}}],"line":29}},"s":{"0":1,"1":1,"2":1,"3":1,"4":1,"5":4,"6":1,"7":5,"8":5,"9":5,"10":1,"11":4,"12":4,"13":1,"14":4,"15":4,"16":2,"17":4,"18":2,"19":4,"20":1,"21":2},"f":{"0":1,"1":4,"2":5,"3":5,"4":5,"5":4,"6":2},"b":{"0":[1,4],"1":[3,1],"2":[2,2],"3":[2,2]},"_coverageSchema":"1a1c01bbd47fc00a2c39e90264f33305004495a9","hash":"cce5a55763a3a7501ac894d0efc04b478ab551c4"}
}
