TN:
SF:config\jest\mockCssImportFile.js
FNF:0
FNH:0
DA:1,2
LF:1
LH:1
BRF:0
BRH:0
end_of_record
TN:
SF:src\App\App.js
FN:6,(anonymous_0)
FNF:1
FNH:1
FNDA:2,(anonymous_0)
DA:6,1
DA:7,2
LF:2
LH:2
BRF:0
BRH:0
end_of_record
TN:
SF:src\App\Header\Header.js
FN:5,(anonymous_0)
FNF:1
FNH:1
FNDA:2,(anonymous_0)
DA:5,2
DA:6,2
LF:2
LH:2
BRF:0
BRH:0
end_of_record
TN:
SF:src\Racers\AddRacer\AddRacer.reducer.js
FN:4,(anonymous_0)
FN:8,(anonymous_1)
FN:12,(anonymous_2)
FN:12,(anonymous_3)
FN:12,(anonymous_4)
FN:23,(anonymous_5)
FN:36,(anonymous_6)
FNF:7
FNH:7
FNDA:1,(anonymous_0)
FNDA:4,(anonymous_1)
FNDA:5,(anonymous_2)
FNDA:5,(anonymous_3)
FNDA:5,(anonymous_4)
FNDA:4,(anonymous_5)
FNDA:2,(anonymous_6)
DA:1,1
DA:2,1
DA:4,1
DA:5,1
DA:8,1
DA:9,4
DA:12,5
DA:13,5
DA:14,1
DA:17,4
DA:18,4
DA:23,1
DA:24,4
DA:26,4
DA:27,2
DA:29,4
DA:30,2
DA:33,4
DA:36,1
DA:37,2
LF:20
LH:20
BRDA:13,0,0,1
BRDA:13,0,1,4
BRDA:18,1,0,3
BRDA:18,1,1,1
BRDA:26,2,0,2
BRDA:26,2,1,2
BRDA:29,3,0,2
BRDA:29,3,1,2
BRF:8
BRH:8
end_of_record
